<?xml version="1.0" encoding="UTF-8"?>
<testsuite name="TransactionQuestionsTest" tests="7" skipped="0" failures="0" errors="0" timestamp="2024-08-13T02:22:59" hostname="Use" time="0.025">
  <properties/>
  <testcase name="smallestTransaction_multipleTransactions_returnsLowest()" classname="TransactionQuestionsTest" time="0.014"/>
  <testcase name="isMilanBased_containsMilanBasedTraders_returnsTrue()" classname="TransactionQuestionsTest" time="0.001"/>
  <testcase name="highestValueTrade_multipleTransactions_returnsHighest()" classname="TransactionQuestionsTest" time="0.001"/>
  <testcase name="uniqueCities_multipleCities_returnsUniqueCities()" classname="TransactionQuestionsTest" time="0.001"/>
  <testcase name="cambridgeTraders_withCambridgeTraders_returnsCambridgeTradersSortedAlphabetically()" classname="TransactionQuestionsTest" time="0.001"/>
  <testcase name="transactions2011_withTransactions_returnsTransactionsSortedAscending()" classname="TransactionQuestionsTest" time="0.0"/>
  <testcase name="traderNames_multipleTraders_concatenatesNamesSortedAlphabetically()" classname="TransactionQuestionsTest" time="0.001"/>
  <system-out><![CDATA[]]></system-out>
  <system-err><![CDATA[]]></system-err>
</testsuite>
